# JRE version: OpenJDK Runtime Environment (8.0_76-b03) (build 1.8.0_76-release-b03)
# Java VM: OpenJDK 64-Bit Server VM (25.76-b03 mixed mode linux-amd64 compressed oops)
Heap:
 PSYoungGen      total 349696K, used 0K [0x00000000e0000000, 0x0000000100000000, 0x0000000100000000)
  eden space 175104K, 0% used [0x00000000e0000000,0x00000000e0000000,0x00000000eab00000)
  from space 174592K, 0% used [0x00000000eab00000,0x00000000eab00000,0x00000000f5580000)
  to   space 174592K, 0% used [0x00000000f5580000,0x00000000f5580000,0x0000000100000000)
 ParOldGen       total 742400K, used 742062K [0x00000000a0000000, 0x00000000cd500000, 0x00000000e0000000)
  object space 742400K, 99% used [0x00000000a0000000,0x00000000cd4ab9a0,0x00000000cd500000)
 Metaspace       used 78996K, capacity 84556K, committed 90624K, reserved 1128448K
  class space    used 9806K, capacity 10456K, committed 11776K, reserved 1048576K
GC Heap History (10 events):
Event: 5587.277 GC heap after
Heap after GC invocations=174 (full 27):
 PSYoungGen      total 349696K, used 31819K [0x00000000e0000000, 0x0000000100000000, 0x0000000100000000)
  eden space 175104K, 0% used [0x00000000e0000000,0x00000000e0000000,0x00000000eab00000)
  from space 174592K, 18% used [0x00000000eab00000,0x00000000eca12dd0,0x00000000f5580000)
  to   space 174592K, 0% used [0x00000000f5580000,0x00000000f5580000,0x0000000100000000)
 ParOldGen       total 742400K, used 516268K [0x00000000a0000000, 0x00000000cd500000, 0x00000000e0000000)
  object space 742400K, 69% used [0x00000000a0000000,0x00000000bf82b3e8,0x00000000cd500000)
 Metaspace       used 80694K, capacity 86994K, committed 90624K, reserved 1128448K
  class space    used 10164K, capacity 11007K, committed 11776K, reserved 1048576K
}
Event: 5587.504 GC heap before
{Heap before GC invocations=175 (full 27):
 PSYoungGen      total 349696K, used 206923K [0x00000000e0000000, 0x0000000100000000, 0x0000000100000000)
  eden space 175104K, 100% used [0x00000000e0000000,0x00000000eab00000,0x00000000eab00000)
  from space 174592K, 18% used [0x00000000eab00000,0x00000000eca12dd0,0x00000000f5580000)
  to   space 174592K, 0% used [0x00000000f5580000,0x00000000f5580000,0x0000000100000000)
 ParOldGen       total 742400K, used 516268K [0x00000000a0000000, 0x00000000cd500000, 0x00000000e0000000)
  object space 742400K, 69% used [0x00000000a0000000,0x00000000bf82b3e8,0x00000000cd500000)
 Metaspace       used 80694K, capacity 86994K, committed 90624K, reserved 1128448K
  class space    used 10164K, capacity 11007K, committed 11776K, reserved 1048576K
Event: 5587.608 GC heap after
Heap after GC invocations=175 (full 27):
 PSYoungGen      total 349696K, used 28726K [0x00000000e0000000, 0x0000000100000000, 0x0000000100000000)
  eden space 175104K, 0% used [0x00000000e0000000,0x00000000e0000000,0x00000000eab00000)
  from space 174592K, 16% used [0x00000000f5580000,0x00000000f718d8a8,0x0000000100000000)
  to   space 174592K, 0% used [0x00000000eab00000,0x00000000eab00000,0x00000000f5580000)
 ParOldGen       total 742400K, used 541460K [0x00000000a0000000, 0x00000000cd500000, 0x00000000e0000000)
  object space 742400K, 72% used [0x00000000a0000000,0x00000000c10c5200,0x00000000cd500000)
 Metaspace       used 80694K, capacity 86994K, committed 90624K, reserved 1128448K
  class space    used 10164K, capacity 11007K, committed 11776K, reserved 1048576K
}
Event: 5588.274 GC heap before
{Heap before GC invocations=176 (full 27):
 PSYoungGen      total 349696K, used 203830K [0x00000000e0000000, 0x0000000100000000, 0x0000000100000000)
  eden space 175104K, 100% used [0x00000000e0000000,0x00000000eab00000,0x00000000eab00000)
  from space 174592K, 16% used [0x00000000f5580000,0x00000000f718d8a8,0x0000000100000000)
  to   space 174592K, 0% used [0x00000000eab00000,0x00000000eab00000,0x00000000f5580000)
 ParOldGen       total 742400K, used 541460K [0x00000000a0000000, 0x00000000cd500000, 0x00000000e0000000)
  object space 742400K, 72% used [0x00000000a0000000,0x00000000c10c5200,0x00000000cd500000)
 Metaspace       used 80694K, capacity 86994K, committed 90624K, reserved 1128448K
  class space    used 10164K, capacity 11007K, committed 11776K, reserved 1048576K
Event: 5588.378 GC heap after
Heap after GC invocations=176 (full 27):
 PSYoungGen      total 349696K, used 46889K [0x00000000e0000000, 0x0000000100000000, 0x0000000100000000)
  eden space 175104K, 0% used [0x00000000e0000000,0x00000000e0000000,0x00000000eab00000)
  from space 174592K, 26% used [0x00000000eab00000,0x00000000ed8ca620,0x00000000f5580000)
  to   space 174592K, 0% used [0x00000000f5580000,0x00000000f5580000,0x0000000100000000)
 ParOldGen       total 742400K, used 569241K [0x00000000a0000000, 0x00000000cd500000, 0x00000000e0000000)
  object space 742400K, 76% used [0x00000000a0000000,0x00000000c2be6568,0x00000000cd500000)
 Metaspace       used 80694K, capacity 86994K, committed 90624K, reserved 1128448K
  class space    used 10164K, capacity 11007K, committed 11776K, reserved 1048576K
}
Event: 5588.449 GC heap before
{Heap before GC invocations=177 (full 27):
 PSYoungGen      total 349696K, used 221993K [0x00000000e0000000, 0x0000000100000000, 0x0000000100000000)
  eden space 175104K, 100% used [0x00000000e0000000,0x00000000eab00000,0x00000000eab00000)
  from space 174592K, 26% used [0x00000000eab00000,0x00000000ed8ca620,0x00000000f5580000)
  to   space 174592K, 0% used [0x00000000f5580000,0x00000000f5580000,0x0000000100000000)
 ParOldGen       total 742400K, used 569241K [0x00000000a0000000, 0x00000000cd500000, 0x00000000e0000000)
  object space 742400K, 76% used [0x00000000a0000000,0x00000000c2be6568,0x00000000cd500000)
 Metaspace       used 80694K, capacity 86994K, committed 90624K, reserved 1128448K
  class space    used 10164K, capacity 11007K, committed 11776K, reserved 1048576K
Event: 5588.784 GC heap after
Heap after GC invocations=177 (full 27):
 PSYoungGen      total 349696K, used 96314K [0x00000000e0000000, 0x0000000100000000, 0x0000000100000000)
  eden space 175104K, 0% used [0x00000000e0000000,0x00000000e0000000,0x00000000eab00000)
  from space 174592K, 55% used [0x00000000f5580000,0x00000000fb38ebb8,0x0000000100000000)
  to   space 174592K, 0% used [0x00000000eab00000,0x00000000eab00000,0x00000000f5580000)
 ParOldGen       total 742400K, used 613797K [0x00000000a0000000, 0x00000000cd500000, 0x00000000e0000000)
  object space 742400K, 82% used [0x00000000a0000000,0x00000000c5769490,0x00000000cd500000)
 Metaspace       used 80694K, capacity 86994K, committed 90624K, reserved 1128448K
  class space    used 10164K, capacity 11007K, committed 11776K, reserved 1048576K
}
Event: 5589.227 GC heap before
{Heap before GC invocations=178 (full 27):
 PSYoungGen      total 349696K, used 271418K [0x00000000e0000000, 0x0000000100000000, 0x0000000100000000)
  eden space 175104K, 100% used [0x00000000e0000000,0x00000000eab00000,0x00000000eab00000)
  from space 174592K, 55% used [0x00000000f5580000,0x00000000fb38ebb8,0x0000000100000000)
  to   space 174592K, 0% used [0x00000000eab00000,0x00000000eab00000,0x00000000f5580000)
 ParOldGen       total 742400K, used 613797K [0x00000000a0000000, 0x00000000cd500000, 0x00000000e0000000)
  object space 742400K, 82% used [0x00000000a0000000,0x00000000c5769490,0x00000000cd500000)
 Metaspace       used 80694K, capacity 86994K, committed 90624K, reserved 1128448K
  class space    used 10164K, capacity 11007K, committed 11776K, reserved 1048576K
Event: 5589.450 GC heap after
Heap after GC invocations=178 (full 27):
 PSYoungGen      total 349696K, used 51162K [0x00000000e0000000, 0x0000000100000000, 0x0000000100000000)
  eden space 175104K, 0% used [0x00000000e0000000,0x00000000e0000000,0x00000000eab00000)
  from space 174592K, 29% used [0x00000000eab00000,0x00000000edcf69d0,0x00000000f5580000)
  to   space 174592K, 0% used [0x00000000f5580000,0x00000000f5580000,0x0000000100000000)
 ParOldGen       total 742400K, used 713293K [0x00000000a0000000, 0x00000000cd500000, 0x00000000e0000000)
  object space 742400K, 96% used [0x00000000a0000000,0x00000000cb893448,0x00000000cd500000)
 Metaspace       used 80694K, capacity 86994K, committed 90624K, reserved 1128448K
  class space    used 10164K, capacity 11007K, committed 11776K, reserved 1048576K
}
Event: 5589.461 GC heap before
{Heap before GC invocations=179 (full 28):
 PSYoungGen      total 349696K, used 51162K [0x00000000e0000000, 0x0000000100000000, 0x0000000100000000)
  eden space 175104K, 0% used [0x00000000e0000000,0x00000000e0000000,0x00000000eab00000)
  from space 174592K, 29% used [0x00000000eab00000,0x00000000edcf69d0,0x00000000f5580000)
  to   space 174592K, 0% used [0x00000000f5580000,0x00000000f5580000,0x0000000100000000)
 ParOldGen       total 742400K, used 713293K [0x00000000a0000000, 0x00000000cd500000, 0x00000000e0000000)
  object space 742400K, 96% used [0x00000000a0000000,0x00000000cb893448,0x00000000cd500000)
 Metaspace       used 80694K, capacity 86994K, committed 90624K, reserved 1128448K
  class space    used 10164K, capacity 11007K, committed 11776K, reserved 1048576K

